2024-04-20 20:13:53,695 - INFO - Starting record generation.
2024-04-20 20:13:53,696 - INFO - [0][HASHGEN]: 0.00% completed
2024-04-20 20:14:05,591 - INFO - [160000000][HASHGEN]: 1.00% completed
2024-04-20 20:14:17,407 - INFO - [320000000][HASHGEN]: 2.00% completed
2024-04-20 20:14:29,170 - INFO - [480000000][HASHGEN]: 3.00% completed
2024-04-20 20:14:41,862 - INFO - [640000000][HASHGEN]: 4.00% completed
2024-04-20 20:14:53,599 - INFO - [800000000][HASHGEN]: 5.00% completed
2024-04-20 20:15:05,403 - INFO - [960000000][HASHGEN]: 6.00% completed
2024-04-20 20:15:17,138 - INFO - [1120000000][HASHGEN]: 7.00% completed
2024-04-20 20:15:28,978 - INFO - [1280000000][HASHGEN]: 8.00% completed
2024-04-20 20:15:40,682 - INFO - [1440000000][HASHGEN]: 9.00% completed
2024-04-20 20:15:52,364 - INFO - [1600000000][HASHGEN]: 10.00% completed
2024-04-20 20:16:04,148 - INFO - [1760000000][HASHGEN]: 11.00% completed
2024-04-20 20:16:15,942 - INFO - [1920000000][HASHGEN]: 12.00% completed
2024-04-20 20:16:27,632 - INFO - [2080000000][HASHGEN]: 13.00% completed
2024-04-20 20:16:39,384 - INFO - [2240000000][HASHGEN]: 14.00% completed
2024-04-20 20:16:51,165 - INFO - [2400000000][HASHGEN]: 15.00% completed
2024-04-20 20:17:02,996 - INFO - [2560000000][HASHGEN]: 16.00% completed
2024-04-20 20:17:14,928 - INFO - [2720000000][HASHGEN]: 17.00% completed
2024-04-20 20:17:26,784 - INFO - [2880000000][HASHGEN]: 18.00% completed
2024-04-20 20:17:38,836 - INFO - [3040000000][HASHGEN]: 19.00% completed
2024-04-20 20:17:50,739 - INFO - [3200000000][HASHGEN]: 20.00% completed
2024-04-20 20:18:02,637 - INFO - [3360000000][HASHGEN]: 21.00% completed
2024-04-20 20:18:14,482 - INFO - [3520000000][HASHGEN]: 22.00% completed
2024-04-20 20:18:26,333 - INFO - [3680000000][HASHGEN]: 23.00% completed
2024-04-20 20:18:38,171 - INFO - [3840000000][HASHGEN]: 24.00% completed
2024-04-20 20:18:50,014 - INFO - [4000000000][HASHGEN]: 25.00% completed
2024-04-20 20:19:01,005 - INFO - [4160000000][HASHGEN]: 26.00% completed
2024-04-20 20:19:12,838 - INFO - [4320000000][HASHGEN]: 27.00% completed
2024-04-20 20:19:24,812 - INFO - [4480000000][HASHGEN]: 28.00% completed
2024-04-20 20:19:36,576 - INFO - [4640000000][HASHGEN]: 29.00% completed
2024-04-20 20:19:48,426 - INFO - [4800000000][HASHGEN]: 30.00% completed
2024-04-20 20:20:00,245 - INFO - [4960000000][HASHGEN]: 31.00% completed
2024-04-20 20:20:12,061 - INFO - [5120000000][HASHGEN]: 32.00% completed
2024-04-20 20:20:23,910 - INFO - [5280000000][HASHGEN]: 33.00% completed
2024-04-20 20:20:35,801 - INFO - [5440000000][HASHGEN]: 34.00% completed
2024-04-20 20:20:47,603 - INFO - [5600000000][HASHGEN]: 35.00% completed
2024-04-20 20:20:59,445 - INFO - [5760000000][HASHGEN]: 36.00% completed
2024-04-20 20:21:11,267 - INFO - [5920000000][HASHGEN]: 37.00% completed
2024-04-20 20:21:23,262 - INFO - [6080000000][HASHGEN]: 38.00% completed
2024-04-20 20:21:35,047 - INFO - [6240000000][HASHGEN]: 39.00% completed
2024-04-20 20:21:46,906 - INFO - [6400000000][HASHGEN]: 40.00% completed
2024-04-20 20:21:58,649 - INFO - [6560000000][HASHGEN]: 41.00% completed
2024-04-20 20:22:10,385 - INFO - [6720000000][HASHGEN]: 42.00% completed
2024-04-20 20:22:22,176 - INFO - [6880000000][HASHGEN]: 43.00% completed
2024-04-20 20:22:33,909 - INFO - [7040000000][HASHGEN]: 44.00% completed
2024-04-20 20:22:45,718 - INFO - [7200000000][HASHGEN]: 45.00% completed
2024-04-20 20:22:57,582 - INFO - [7360000000][HASHGEN]: 46.00% completed
2024-04-20 20:23:09,349 - INFO - [7520000000][HASHGEN]: 47.00% completed
2024-04-20 20:23:21,218 - INFO - [7680000000][HASHGEN]: 48.00% completed
2024-04-20 20:23:33,092 - INFO - [7840000000][HASHGEN]: 49.00% completed
2024-04-20 20:23:44,984 - INFO - [8000000000][HASHGEN]: 50.00% completed
2024-04-20 20:23:56,881 - INFO - [8160000000][HASHGEN]: 51.00% completed
2024-04-20 20:24:08,725 - INFO - [8320000000][HASHGEN]: 52.00% completed
2024-04-20 20:24:20,614 - INFO - [8480000000][HASHGEN]: 53.00% completed
2024-04-20 20:24:32,356 - INFO - [8640000000][HASHGEN]: 54.00% completed
2024-04-20 20:24:44,187 - INFO - [8800000000][HASHGEN]: 55.00% completed
2024-04-20 20:24:55,929 - INFO - [8960000000][HASHGEN]: 56.00% completed
2024-04-20 20:25:07,731 - INFO - [9120000000][HASHGEN]: 57.00% completed
2024-04-20 20:25:19,634 - INFO - [9280000000][HASHGEN]: 58.00% completed
2024-04-20 20:25:31,506 - INFO - [9440000000][HASHGEN]: 59.00% completed
2024-04-20 20:25:43,254 - INFO - [9600000000][HASHGEN]: 60.00% completed
2024-04-20 20:25:55,100 - INFO - [9760000000][HASHGEN]: 61.00% completed
2024-04-20 20:26:06,893 - INFO - [9920000000][HASHGEN]: 62.00% completed
2024-04-20 20:26:18,651 - INFO - [10080000000][HASHGEN]: 63.00% completed
2024-04-20 20:26:30,476 - INFO - [10240000000][HASHGEN]: 64.00% completed
2024-04-20 20:26:42,319 - INFO - [10400000000][HASHGEN]: 65.00% completed
2024-04-20 20:26:54,073 - INFO - [10560000000][HASHGEN]: 66.00% completed
2024-04-20 20:27:05,846 - INFO - [10720000000][HASHGEN]: 67.00% completed
2024-04-20 20:27:17,632 - INFO - [10880000000][HASHGEN]: 68.00% completed
2024-04-20 20:27:29,392 - INFO - [11040000000][HASHGEN]: 69.00% completed
2024-04-20 20:27:41,226 - INFO - [11200000000][HASHGEN]: 70.00% completed
2024-04-20 20:27:53,014 - INFO - [11360000000][HASHGEN]: 71.00% completed
2024-04-20 20:28:04,856 - INFO - [11520000000][HASHGEN]: 72.00% completed
2024-04-20 20:28:16,806 - INFO - [11680000000][HASHGEN]: 73.00% completed
2024-04-20 20:28:28,649 - INFO - [11840000000][HASHGEN]: 74.00% completed
2024-04-20 20:28:40,464 - INFO - [12000000000][HASHGEN]: 75.00% completed
2024-04-20 20:28:52,226 - INFO - [12160000000][HASHGEN]: 76.00% completed
2024-04-20 20:29:04,107 - INFO - [12320000000][HASHGEN]: 77.00% completed
2024-04-20 20:29:16,125 - INFO - [12480000000][HASHGEN]: 78.00% completed
2024-04-20 20:29:28,079 - INFO - [12640000000][HASHGEN]: 79.00% completed
2024-04-20 20:29:39,989 - INFO - [12800000000][HASHGEN]: 80.00% completed
2024-04-20 20:29:51,918 - INFO - [12960000000][HASHGEN]: 81.00% completed
2024-04-20 20:30:03,673 - INFO - [13120000000][HASHGEN]: 82.00% completed
2024-04-20 20:30:15,480 - INFO - [13280000000][HASHGEN]: 83.00% completed
2024-04-20 20:30:27,409 - INFO - [13440000000][HASHGEN]: 84.00% completed
2024-04-20 20:30:39,230 - INFO - [13600000000][HASHGEN]: 85.00% completed
2024-04-20 20:30:50,977 - INFO - [13760000000][HASHGEN]: 86.00% completed
2024-04-20 20:31:02,840 - INFO - [13920000000][HASHGEN]: 87.00% completed
2024-04-20 20:31:14,712 - INFO - [14080000000][HASHGEN]: 88.00% completed
2024-04-20 20:31:26,620 - INFO - [14240000000][HASHGEN]: 89.00% completed
2024-04-20 20:31:38,450 - INFO - [14400000000][HASHGEN]: 90.00% completed
2024-04-20 20:31:50,215 - INFO - [14560000000][HASHGEN]: 91.00% completed
2024-04-20 20:32:02,049 - INFO - [14720000000][HASHGEN]: 92.00% completed
2024-04-20 20:32:13,851 - INFO - [14880000000][HASHGEN]: 93.00% completed
2024-04-20 20:32:25,683 - INFO - [15040000000][HASHGEN]: 94.00% completed
2024-04-20 20:32:37,399 - INFO - [15200000000][HASHGEN]: 95.00% completed
2024-04-20 20:32:49,229 - INFO - [15360000000][HASHGEN]: 96.00% completed
2024-04-20 20:33:01,046 - INFO - [15520000000][HASHGEN]: 97.00% completed
2024-04-20 20:33:12,805 - INFO - [15680000000][HASHGEN]: 98.00% completed
2024-04-20 20:33:24,757 - INFO - [15840000000][HASHGEN]: 99.00% completed
2024-04-20 20:33:36,632 - INFO - [16000000000][HASHGEN]: 100.00% completed
2024-04-20 20:33:36,633 - INFO - Completed record generation in 1183 seconds.
2024-04-20 20:33:36,634 - INFO - Starting record sorting.
2024-04-20 20:53:58,135 - INFO - completed record sorting. in 1221.50 seconds
