2024-04-20 20:13:53,695 - INFO - Starting record generation.
2024-04-20 20:13:53,696 - INFO - [0][HASHGEN]: 0.00% completed
2024-04-20 20:14:23,591 - INFO - [10737418][HASHGEN]: 1.00% completed
2024-04-20 20:14:53,407 - INFO - [21474836][HASHGEN]: 2.00% completed
2024-04-20 20:15:23,170 - INFO - [32212254][HASHGEN]: 3.00% completed
2024-04-20 20:15:52,862 - INFO - [42949672][HASHGEN]: 4.00% completed
2024-04-20 20:16:22,599 - INFO - [53687090][HASHGEN]: 5.00% completed
2024-04-20 20:16:52,403 - INFO - [64424508][HASHGEN]: 6.00% completed
2024-04-20 20:17:22,138 - INFO - [75161926][HASHGEN]: 7.00% completed
2024-04-20 20:17:51,978 - INFO - [85899344][HASHGEN]: 8.00% completed
2024-04-20 20:18:21,682 - INFO - [96636762][HASHGEN]: 9.00% completed
2024-04-20 20:18:51,364 - INFO - [107374180][HASHGEN]: 10.00% completed
2024-04-20 20:19:21,148 - INFO - [118111598][HASHGEN]: 11.00% completed
2024-04-20 20:19:50,942 - INFO - [128849016][HASHGEN]: 12.00% completed
2024-04-20 20:20:20,632 - INFO - [139586434][HASHGEN]: 13.00% completed
2024-04-20 20:20:50,384 - INFO - [150323852][HASHGEN]: 14.00% completed
2024-04-20 20:21:20,165 - INFO - [161061270][HASHGEN]: 15.00% completed
2024-04-20 20:21:49,996 - INFO - [171798688][HASHGEN]: 16.00% completed
2024-04-20 20:22:19,928 - INFO - [182536106][HASHGEN]: 17.00% completed
2024-04-20 20:22:49,784 - INFO - [193273524][HASHGEN]: 18.00% completed
2024-04-20 20:23:19,836 - INFO - [204010942][HASHGEN]: 19.00% completed
2024-04-20 20:23:49,739 - INFO - [214748360][HASHGEN]: 20.00% completed
2024-04-20 20:24:19,637 - INFO - [225485778][HASHGEN]: 21.00% completed
2024-04-20 20:24:49,482 - INFO - [236223196][HASHGEN]: 22.00% completed
2024-04-20 20:25:19,333 - INFO - [246960614][HASHGEN]: 23.00% completed
2024-04-20 20:25:49,171 - INFO - [257698032][HASHGEN]: 24.00% completed
2024-04-20 20:26:19,014 - INFO - [268435450][HASHGEN]: 25.00% completed
2024-04-20 20:26:49,005 - INFO - [279172868][HASHGEN]: 26.00% completed
2024-04-20 20:27:18,838 - INFO - [289910286][HASHGEN]: 27.00% completed
2024-04-20 20:27:48,812 - INFO - [300647704][HASHGEN]: 28.00% completed
2024-04-20 20:28:18,576 - INFO - [311385122][HASHGEN]: 29.00% completed
2024-04-20 20:28:48,426 - INFO - [322122540][HASHGEN]: 30.00% completed
2024-04-20 20:29:18,245 - INFO - [332859958][HASHGEN]: 31.00% completed
2024-04-20 20:29:48,061 - INFO - [343597376][HASHGEN]: 32.00% completed
2024-04-20 20:30:17,910 - INFO - [354334794][HASHGEN]: 33.00% completed
2024-04-20 20:30:47,801 - INFO - [365072212][HASHGEN]: 34.00% completed
2024-04-20 20:31:17,603 - INFO - [375809630][HASHGEN]: 35.00% completed
2024-04-20 20:31:47,445 - INFO - [386547048][HASHGEN]: 36.00% completed
2024-04-20 20:32:17,267 - INFO - [397284466][HASHGEN]: 37.00% completed
2024-04-20 20:32:47,262 - INFO - [408021884][HASHGEN]: 38.00% completed
2024-04-20 20:33:17,047 - INFO - [418759302][HASHGEN]: 39.00% completed
2024-04-20 20:33:46,906 - INFO - [429496720][HASHGEN]: 40.00% completed
2024-04-20 20:34:16,651 - INFO - [440234138][HASHGEN]: 41.00% completed
2024-04-20 20:34:46,385 - INFO - [450971556][HASHGEN]: 42.00% completed
2024-04-20 20:35:16,176 - INFO - [461708974][HASHGEN]: 43.00% completed
2024-04-20 20:35:45,909 - INFO - [472446392][HASHGEN]: 44.00% completed
2024-04-20 20:36:15,718 - INFO - [483183810][HASHGEN]: 45.00% completed
2024-04-20 20:36:45,582 - INFO - [493921228][HASHGEN]: 46.00% completed
2024-04-20 20:37:15,349 - INFO - [504658646][HASHGEN]: 47.00% completed
2024-04-20 20:37:45,218 - INFO - [515396064][HASHGEN]: 48.00% completed
2024-04-20 20:38:15,092 - INFO - [526133482][HASHGEN]: 49.00% completed
2024-04-20 20:38:44,984 - INFO - [536870900][HASHGEN]: 50.00% completed
2024-04-20 20:39:14,881 - INFO - [547608318][HASHGEN]: 51.00% completed
2024-04-20 20:39:44,725 - INFO - [558345736][HASHGEN]: 52.00% completed
2024-04-20 20:40:14,614 - INFO - [569083154][HASHGEN]: 53.00% completed
2024-04-20 20:40:44,356 - INFO - [579820572][HASHGEN]: 54.00% completed
2024-04-20 20:41:14,187 - INFO - [590557990][HASHGEN]: 55.00% completed
2024-04-20 20:41:43,929 - INFO - [601295408][HASHGEN]: 56.00% completed
2024-04-20 20:42:13,731 - INFO - [612032826][HASHGEN]: 57.00% completed
2024-04-20 20:42:43,634 - INFO - [622770244][HASHGEN]: 58.00% completed
2024-04-20 20:43:13,506 - INFO - [633507662][HASHGEN]: 59.00% completed
2024-04-20 20:43:43,254 - INFO - [644245080][HASHGEN]: 60.00% completed
2024-04-20 20:44:13,100 - INFO - [654982498][HASHGEN]: 61.00% completed
2024-04-20 20:44:42,893 - INFO - [665719916][HASHGEN]: 62.00% completed
2024-04-20 20:45:12,651 - INFO - [676457334][HASHGEN]: 63.00% completed
2024-04-20 20:45:42,476 - INFO - [687194752][HASHGEN]: 64.00% completed
2024-04-20 20:46:12,319 - INFO - [697932170][HASHGEN]: 65.00% completed
2024-04-20 20:46:42,073 - INFO - [708669588][HASHGEN]: 66.00% completed
2024-04-20 20:47:11,846 - INFO - [719407006][HASHGEN]: 67.00% completed
2024-04-20 20:47:41,632 - INFO - [730144424][HASHGEN]: 68.00% completed
2024-04-20 20:48:11,392 - INFO - [740881842][HASHGEN]: 69.00% completed
2024-04-20 20:48:41,226 - INFO - [751619260][HASHGEN]: 70.00% completed
2024-04-20 20:49:11,014 - INFO - [762356678][HASHGEN]: 71.00% completed
2024-04-20 20:49:40,856 - INFO - [773094096][HASHGEN]: 72.00% completed
2024-04-20 20:50:10,806 - INFO - [783831514][HASHGEN]: 73.00% completed
2024-04-20 20:50:40,649 - INFO - [794568932][HASHGEN]: 74.00% completed
2024-04-20 20:51:10,464 - INFO - [805306350][HASHGEN]: 75.00% completed
2024-04-20 20:51:40,226 - INFO - [816043768][HASHGEN]: 76.00% completed
2024-04-20 20:52:10,107 - INFO - [826781186][HASHGEN]: 77.00% completed
2024-04-20 20:52:40,125 - INFO - [837518604][HASHGEN]: 78.00% completed
2024-04-20 20:53:10,079 - INFO - [848256022][HASHGEN]: 79.00% completed
2024-04-20 20:53:39,989 - INFO - [858993440][HASHGEN]: 80.00% completed
2024-04-20 20:54:09,918 - INFO - [869730858][HASHGEN]: 81.00% completed
2024-04-20 20:54:39,673 - INFO - [880468276][HASHGEN]: 82.00% completed
2024-04-20 20:55:09,480 - INFO - [891205694][HASHGEN]: 83.00% completed
2024-04-20 20:55:39,409 - INFO - [901943112][HASHGEN]: 84.00% completed
2024-04-20 20:56:09,230 - INFO - [912680530][HASHGEN]: 85.00% completed
2024-04-20 20:56:38,977 - INFO - [923417948][HASHGEN]: 86.00% completed
2024-04-20 20:57:08,840 - INFO - [934155366][HASHGEN]: 87.00% completed
2024-04-20 20:57:38,712 - INFO - [944892784][HASHGEN]: 88.00% completed
2024-04-20 20:58:08,620 - INFO - [955630202][HASHGEN]: 89.00% completed
2024-04-20 20:58:38,450 - INFO - [966367620][HASHGEN]: 90.00% completed
2024-04-20 20:59:08,215 - INFO - [977105038][HASHGEN]: 91.00% completed
2024-04-20 20:59:38,049 - INFO - [987842456][HASHGEN]: 92.00% completed
2024-04-20 21:00:07,851 - INFO - [998579874][HASHGEN]: 93.00% completed
2024-04-20 21:00:37,683 - INFO - [1009317292][HASHGEN]: 94.00% completed
2024-04-20 21:01:07,399 - INFO - [1020054710][HASHGEN]: 95.00% completed
2024-04-20 21:01:37,229 - INFO - [1030792128][HASHGEN]: 96.00% completed
2024-04-20 21:02:07,046 - INFO - [1041529546][HASHGEN]: 97.00% completed
2024-04-20 21:02:36,805 - INFO - [1052266964][HASHGEN]: 98.00% completed
2024-04-20 21:03:06,757 - INFO - [1063004382][HASHGEN]: 99.00% completed
2024-04-20 21:03:36,632 - INFO - [1073741800][HASHGEN]: 100.00% completed
2024-04-20 21:03:36,633 - INFO - Completed record generation in 2982.94 seconds.
2024-04-20 21:03:36,633 - INFO - Starting record sorting.
2024-04-20 21:48:38,584 - INFO - completed record sorting. in 2402.54 seconds
