2024-04-20 20:13:53,695 - INFO - Starting record generation.
2024-04-20 20:13:53,696 - INFO - [0][HASHGEN]: 0.00% completed
2024-04-20 20:14:10,591 - INFO - [320000000][HASHGEN]: 1.00% completed
2024-04-20 20:14:27,407 - INFO - [640000000][HASHGEN]: 2.00% completed
2024-04-20 20:14:44,170 - INFO - [960000000][HASHGEN]: 3.00% completed
2024-04-20 20:15:01,862 - INFO - [1280000000][HASHGEN]: 4.00% completed
2024-04-20 20:15:18,599 - INFO - [1600000000][HASHGEN]: 5.00% completed
2024-04-20 20:15:35,403 - INFO - [1920000000][HASHGEN]: 6.00% completed
2024-04-20 20:15:52,138 - INFO - [2240000000][HASHGEN]: 7.00% completed
2024-04-20 20:16:08,978 - INFO - [2560000000][HASHGEN]: 8.00% completed
2024-04-20 20:16:25,682 - INFO - [2880000000][HASHGEN]: 9.00% completed
2024-04-20 20:16:42,364 - INFO - [3200000000][HASHGEN]: 10.00% completed
2024-04-20 20:16:59,148 - INFO - [3520000000][HASHGEN]: 11.00% completed
2024-04-20 20:17:15,942 - INFO - [3840000000][HASHGEN]: 12.00% completed
2024-04-20 20:17:32,632 - INFO - [4160000000][HASHGEN]: 13.00% completed
2024-04-20 20:17:49,384 - INFO - [4480000000][HASHGEN]: 14.00% completed
2024-04-20 20:18:06,165 - INFO - [4800000000][HASHGEN]: 15.00% completed
2024-04-20 20:18:22,996 - INFO - [5120000000][HASHGEN]: 16.00% completed
2024-04-20 20:18:39,928 - INFO - [5440000000][HASHGEN]: 17.00% completed
2024-04-20 20:18:56,784 - INFO - [5760000000][HASHGEN]: 18.00% completed
2024-04-20 20:19:13,836 - INFO - [6080000000][HASHGEN]: 19.00% completed
2024-04-20 20:19:30,739 - INFO - [6400000000][HASHGEN]: 20.00% completed
2024-04-20 20:19:47,637 - INFO - [6720000000][HASHGEN]: 21.00% completed
2024-04-20 20:20:04,482 - INFO - [7040000000][HASHGEN]: 22.00% completed
2024-04-20 20:20:21,333 - INFO - [7360000000][HASHGEN]: 23.00% completed
2024-04-20 20:20:38,171 - INFO - [7680000000][HASHGEN]: 24.00% completed
2024-04-20 20:20:55,014 - INFO - [8000000000][HASHGEN]: 25.00% completed
2024-04-20 20:21:11,005 - INFO - [8320000000][HASHGEN]: 26.00% completed
2024-04-20 20:21:27,838 - INFO - [8640000000][HASHGEN]: 27.00% completed
2024-04-20 20:21:44,812 - INFO - [8960000000][HASHGEN]: 28.00% completed
2024-04-20 20:22:01,576 - INFO - [9280000000][HASHGEN]: 29.00% completed
2024-04-20 20:22:18,426 - INFO - [9600000000][HASHGEN]: 30.00% completed
2024-04-20 20:22:35,245 - INFO - [9920000000][HASHGEN]: 31.00% completed
2024-04-20 20:22:52,061 - INFO - [10240000000][HASHGEN]: 32.00% completed
2024-04-20 20:23:08,910 - INFO - [10560000000][HASHGEN]: 33.00% completed
2024-04-20 20:23:25,801 - INFO - [10880000000][HASHGEN]: 34.00% completed
2024-04-20 20:23:42,603 - INFO - [11200000000][HASHGEN]: 35.00% completed
2024-04-20 20:23:59,445 - INFO - [11520000000][HASHGEN]: 36.00% completed
2024-04-20 20:24:16,267 - INFO - [11840000000][HASHGEN]: 37.00% completed
2024-04-20 20:24:33,262 - INFO - [12160000000][HASHGEN]: 38.00% completed
2024-04-20 20:24:50,047 - INFO - [12480000000][HASHGEN]: 39.00% completed
2024-04-20 20:25:06,906 - INFO - [12800000000][HASHGEN]: 40.00% completed
2024-04-20 20:25:23,649 - INFO - [13120000000][HASHGEN]: 41.00% completed
2024-04-20 20:25:40,385 - INFO - [13440000000][HASHGEN]: 42.00% completed
2024-04-20 20:25:57,176 - INFO - [13760000000][HASHGEN]: 43.00% completed
2024-04-20 20:26:13,909 - INFO - [14080000000][HASHGEN]: 44.00% completed
2024-04-20 20:26:30,718 - INFO - [14400000000][HASHGEN]: 45.00% completed
2024-04-20 20:26:47,582 - INFO - [14720000000][HASHGEN]: 46.00% completed
2024-04-20 20:27:04,349 - INFO - [15040000000][HASHGEN]: 47.00% completed
2024-04-20 20:27:21,218 - INFO - [15360000000][HASHGEN]: 48.00% completed
2024-04-20 20:27:38,092 - INFO - [15680000000][HASHGEN]: 49.00% completed
2024-04-20 20:27:54,984 - INFO - [16000000000][HASHGEN]: 50.00% completed
2024-04-20 20:28:11,881 - INFO - [16320000000][HASHGEN]: 51.00% completed
2024-04-20 20:28:28,725 - INFO - [16640000000][HASHGEN]: 52.00% completed
2024-04-20 20:28:45,614 - INFO - [16960000000][HASHGEN]: 53.00% completed
2024-04-20 20:29:02,356 - INFO - [17280000000][HASHGEN]: 54.00% completed
2024-04-20 20:29:19,187 - INFO - [17600000000][HASHGEN]: 55.00% completed
2024-04-20 20:29:35,929 - INFO - [17920000000][HASHGEN]: 56.00% completed
2024-04-20 20:29:52,731 - INFO - [18240000000][HASHGEN]: 57.00% completed
2024-04-20 20:30:09,634 - INFO - [18560000000][HASHGEN]: 58.00% completed
2024-04-20 20:30:26,506 - INFO - [18880000000][HASHGEN]: 59.00% completed
2024-04-20 20:30:43,254 - INFO - [19200000000][HASHGEN]: 60.00% completed
2024-04-20 20:31:00,100 - INFO - [19520000000][HASHGEN]: 61.00% completed
2024-04-20 20:31:16,893 - INFO - [19840000000][HASHGEN]: 62.00% completed
2024-04-20 20:31:33,651 - INFO - [20160000000][HASHGEN]: 63.00% completed
2024-04-20 20:31:50,476 - INFO - [20480000000][HASHGEN]: 64.00% completed
2024-04-20 20:32:07,319 - INFO - [20800000000][HASHGEN]: 65.00% completed
2024-04-20 20:32:24,073 - INFO - [21120000000][HASHGEN]: 66.00% completed
2024-04-20 20:32:40,846 - INFO - [21440000000][HASHGEN]: 67.00% completed
2024-04-20 20:32:57,632 - INFO - [21760000000][HASHGEN]: 68.00% completed
2024-04-20 20:33:14,392 - INFO - [22080000000][HASHGEN]: 69.00% completed
2024-04-20 20:33:31,226 - INFO - [22400000000][HASHGEN]: 70.00% completed
2024-04-20 20:33:48,014 - INFO - [22720000000][HASHGEN]: 71.00% completed
2024-04-20 20:34:04,856 - INFO - [23040000000][HASHGEN]: 72.00% completed
2024-04-20 20:34:21,806 - INFO - [23360000000][HASHGEN]: 73.00% completed
2024-04-20 20:34:38,649 - INFO - [23680000000][HASHGEN]: 74.00% completed
2024-04-20 20:34:55,464 - INFO - [24000000000][HASHGEN]: 75.00% completed
2024-04-20 20:35:12,226 - INFO - [24320000000][HASHGEN]: 76.00% completed
2024-04-20 20:35:29,107 - INFO - [24640000000][HASHGEN]: 77.00% completed
2024-04-20 20:35:46,125 - INFO - [24960000000][HASHGEN]: 78.00% completed
2024-04-20 20:36:03,079 - INFO - [25280000000][HASHGEN]: 79.00% completed
2024-04-20 20:36:19,989 - INFO - [25600000000][HASHGEN]: 80.00% completed
2024-04-20 20:36:36,918 - INFO - [25920000000][HASHGEN]: 81.00% completed
2024-04-20 20:36:53,673 - INFO - [26240000000][HASHGEN]: 82.00% completed
2024-04-20 20:37:10,480 - INFO - [26560000000][HASHGEN]: 83.00% completed
2024-04-20 20:37:27,409 - INFO - [26880000000][HASHGEN]: 84.00% completed
2024-04-20 20:37:44,230 - INFO - [27200000000][HASHGEN]: 85.00% completed
2024-04-20 20:38:00,977 - INFO - [27520000000][HASHGEN]: 86.00% completed
2024-04-20 20:38:17,840 - INFO - [27840000000][HASHGEN]: 87.00% completed
2024-04-20 20:38:34,712 - INFO - [28160000000][HASHGEN]: 88.00% completed
2024-04-20 20:38:51,620 - INFO - [28480000000][HASHGEN]: 89.00% completed
2024-04-20 20:39:08,450 - INFO - [28800000000][HASHGEN]: 90.00% completed
2024-04-20 20:39:25,215 - INFO - [29120000000][HASHGEN]: 91.00% completed
2024-04-20 20:39:42,049 - INFO - [29440000000][HASHGEN]: 92.00% completed
2024-04-20 20:39:58,851 - INFO - [29760000000][HASHGEN]: 93.00% completed
2024-04-20 20:40:15,683 - INFO - [30080000000][HASHGEN]: 94.00% completed
2024-04-20 20:40:32,399 - INFO - [30400000000][HASHGEN]: 95.00% completed
2024-04-20 20:40:49,229 - INFO - [30720000000][HASHGEN]: 96.00% completed
2024-04-20 20:41:06,046 - INFO - [31040000000][HASHGEN]: 97.00% completed
2024-04-20 20:41:22,805 - INFO - [31360000000][HASHGEN]: 98.00% completed
2024-04-20 20:41:39,757 - INFO - [31680000000][HASHGEN]: 99.00% completed
2024-04-20 20:41:56,632 - INFO - [32000000000][HASHGEN]: 100.00% completed
2024-04-20 20:41:56,633 - INFO - Completed record generation in 1683 seconds.
2024-04-20 20:41:56,634 - INFO - Starting record sorting.
2024-04-20 21:09:58,135 - INFO - completed record sorting. in 1681.50 seconds
